/*C4*/SET SCHEMA PUBLIC
SET IGNORECASE TRUE
drop table MPSR if exists
CREATE TABLE MPSR (\u0009MPSR_ID INTEGER IDENTITY,\u0009VERSION INTEGER DEFAULT 0,\u0009PROJ_DEF VARCHAR(20),\u0009PROJ_TITLE VARCHAR(200),\u0009RPT_MONTH_YEAR VARCHAR(20),\u0009PM VARCHAR(50),\u0009DIR VARCHAR(50),\u0009FILE_NAME VARCHAR(100))
drop table MPSR_APDX if exists
CREATE TABLE MPSR_APDX (\u0009MPSR_APDX_ID INTEGER IDENTITY,\u0009\u0009MPSR_ID INTEGER,\u0009VERSION INTEGER DEFAULT 0,\u0009NUM VARCHAR(10),\u0009TITLE VARCHAR(255),\u0009FILE_NAME VARCHAR(255),\u0009DESC_1 VARCHAR(4000))
drop table MPSR_APPR_CO if exists
CREATE TABLE MPSR_APPR_CO (\u0009MPSR_APPR_CO_ID INTEGER IDENTITY,\u0009MPSR_ID INTEGER,\u0009VERSION INTEGER DEFAULT 0,\u0009PO_NUM VARCHAR(20),\u0009VENDOR VARCHAR(50),\u0009PREV_AMT DECIMAL(28,6),\u0009CURR_AMT DECIMAL(28,6),\u0009CURR_DESC VARCHAR(500),\u0009TOTAL_AMT DECIMAL(28,6))
drop table MPSR_ATCH if exists
CREATE TABLE MPSR_ATCH (\u0009MPSR_ATCH_ID INTEGER IDENTITY,\u0009MPSR_ID INTEGER,\u0009VERSION INTEGER DEFAULT 0,\u0009NUM VARCHAR(10),\u0009TITLE VARCHAR(255),\u0009FILE_NAME VARCHAR(255),\u0009DESC_1 VARCHAR(4000))
drop table MPSR_AUTH if exists
CREATE TABLE MPSR_AUTH (\u0009MPSR_ID INTEGER,\u0009VERSION INTEGER DEFAULT 0,\u0009DESC1 VARCHAR(4000),\u0009HEADER_YR0 VARCHAR(20),\u0009HEADER_YR1 VARCHAR(20),\u0009HEADER_YR2 VARCHAR(20),\u0009HEADER_YR3 VARCHAR(20),\u0009HEADER_YR4 VARCHAR(20),\u0009HEADER_POST_YEAR VARCHAR(20),\u0009BASE_PRIOR_YEAR DECIMAL(28,6),\u0009BASE_YR0 DECIMAL(28,6),\u0009BASE_YR1 DECIMAL(28,6),\u0009BASE_YR2 DECIMAL(28,6),\u0009BASE_YR3 DECIMAL(28,6),\u0009BASE_YR4 DECIMAL(28,6),\u0009BASE_POST_YEAR DECIMAL(28,6),\u0009RC_PRIOR_YEAR DECIMAL(28,6),\u0009RC_YR0 DECIMAL(28,6),\u0009RC_YR1 DECIMAL(28,6),\u0009RC_YR2 DECIMAL(28,6),\u0009RC_YR3 DECIMAL(28,6),\u0009RC_YR4 DECIMAL(28,6),\u0009RC_POST_YEAR DECIMAL(28,6),\u0009TOTAL_DATE TIMESTAMP,\u0009REQ0_PRIOR_YEAR DECIMAL(28,6),\u0009REQ0_YR0 DECIMAL(28,6),\u0009REQ0_YR1 DECIMAL(28,6),\u0009REQ0_YR2 DECIMAL(28,6),\u0009REQ0_YR3 DECIMAL(28,6),\u0009REQ0_YR4 DECIMAL(28,6),\u0009REQ0_POST_YEAR DECIMAL(28,6),\u0009REQ0_DATE TIMESTAMP,\u0009REQ1_PRIOR_YEAR DECIMAL(28,6),\u0009REQ1_YR0 DECIMAL(28,6),\u0009REQ1_YR1 DECIMAL(28,6),\u0009REQ1_YR2 DECIMAL(28,6),\u0009REQ1_YR3 DECIMAL(28,6),\u0009REQ1_YR4 DECIMAL(28,6),\u0009REQ1_POST_YEAR DECIMAL(28,6),\u0009REQ1_DATE TIMESTAMP,\u0009REQ2_PRIOR_YEAR DECIMAL(28,6),\u0009REQ2_YR0 DECIMAL(28,6),\u0009REQ2_YR1 DECIMAL(28,6),\u0009REQ2_YR2 DECIMAL(28,6),\u0009REQ2_YR3 DECIMAL(28,6),\u0009REQ2_YR4 DECIMAL(28,6),\u0009REQ2_POST_YEAR DECIMAL(28,6),\u0009REQ2_DATE TIMESTAMP,\u0009TARGETBUDGET VARCHAR(20),\u0009REQ0_AUTH DECIMAL(28,6),\u0009REQ1_AUTH DECIMAL(28,6),\u0009REQ2_AUTH DECIMAL(28,6),\u0009primary key (MPSR_ID))
drop table MPSR_BUDGET if exists
CREATE TABLE MPSR_BUDGET (\u0009MPSR_ID INTEGER,\u0009VERSION INTEGER DEFAULT 0,\u0009DESC1 VARCHAR(4000),\u0009PM_BUDGET DECIMAL(28,6),\u0009PM_ACT DECIMAL(28,6),\u0009PM_COMMIT DECIMAL(28,6),\u0009PM_OTHER DECIMAL(28,6),\u0009IP_ENG_BUDGET DECIMAL(28,6),\u0009IP_ENG_ACT DECIMAL(28,6),\u0009IP_ENG_COMMIT DECIMAL(28,6),\u0009IP_ENG_OTHER DECIMAL(28,6),\u0009IP_LP_BUDGET DECIMAL(28,6),\u0009IP_LP_ACT DECIMAL(28,6),\u0009IP_LP_COMMIT DECIMAL(28,6),\u0009IP_LP_OTHER DECIMAL(28,6),\u0009IP_LAND_BUDGET DECIMAL(28,6),\u0009IP_LAND_ACT DECIMAL(28,6),\u0009IP_LAND_COMMIT DECIMAL(28,6),\u0009IP_LAND_OTHER DECIMAL(28,6),\u0009IP_STR_BUDGET DECIMAL(28,6),\u0009IP_STR_ACT DECIMAL(28,6),\u0009IP_STR_COMMIT DECIMAL(28,6),\u0009IP_STR_OTHER DECIMAL(28,6),\u0009IP_STA_BUDGET DECIMAL(28,6),\u0009IP_STA_ACT DECIMAL(28,6),\u0009IP_STA_COMMIT DECIMAL(28,6),\u0009IP_STA_OTHER DECIMAL(28,6),\u0009IP_CIV_BUDGET DECIMAL(28,6),\u0009IP_CIV_ACT DECIMAL(28,6),\u0009IP_CIV_COMMIT DECIMAL(28,6),\u0009IP_CIV_OTHER DECIMAL(28,6),\u0009IP_ELE_BUDGET DECIMAL(28,6),\u0009IP_ELE_ACT DECIMAL(28,6),\u0009IP_ELE_COMMIT DECIMAL(28,6),\u0009IP_ELE_OTHER DECIMAL(28,6),\u0009OP_ENG_BUDGET DECIMAL(28,6),\u0009OP_ENG_ACT DECIMAL(28,6),\u0009OP_ENG_COMMIT DECIMAL(28,6),\u0009OP_ENG_OTHER DECIMAL(28,6),\u0009OP_PCURE_BUDGET DECIMAL(28,6),\u0009OP_PCURE_ACT DECIMAL(28,6),\u0009OP_PCURE_COMMIT DECIMAL(28,6),\u0009OP_PCURE_OTHER DECIMAL(28,6),\u0009OP_CSTRUC_BUDGET DECIMAL(28,6),\u0009OP_CSTRUC_ACT DECIMAL(28,6),\u0009OP_CSTRUC_COMMIT DECIMAL(28,6),\u0009OP_CSTRUC_OTHER DECIMAL(28,6),\u0009SALV_BUDGET DECIMAL(28,6),\u0009SALV_ACT DECIMAL(28,6),\u0009SALV_COMMIT DECIMAL(28,6),\u0009SALV_OTHER DECIMAL(28,6),\u0009WDRAW_BUDGET DECIMAL(28,6),\u0009WDRAW_ACT DECIMAL(28,6),\u0009WDRAW_COMMIT DECIMAL(28,6),\u0009WDRAW_OTHER DECIMAL(28,6),\u0009RISK_BUDGET DECIMAL(28,6),\u0009RISK_ACT DECIMAL(28,6),\u0009RISK_COMMIT DECIMAL(28,6),\u0009RISK_OTHER DECIMAL(28,6),\u0009primary key (MPSR_ID))
drop table MPSR_CONST_IP if exists
CREATE TABLE MPSR_CONST_IP (\u0009MPSR_CONST_IP_ID INTEGER IDENTITY,\u0009\u0009MPSR_ID INTEGER,\u0009\u0009VERSION INTEGER DEFAULT 0,\u0009FIGURE VARCHAR(10),\u0009TITLE VARCHAR(200),\u0009WORK VARCHAR(100),\u0009DESCRIPTION VARCHAR(4000),\u0009FILE_NAME VARCHAR(100))
drop table MPSR_CONST_OP if exists
CREATE TABLE MPSR_CONST_OP (\u0009MPSR_CONST_OP_ID INTEGER IDENTITY,\u0009MPSR_ID INTEGER,\u0009VERSION INTEGER DEFAULT 0,\u0009FIGURE VARCHAR(10),\u0009TITLE VARCHAR(200),\u0009WORK VARCHAR(100),\u0009DESCRIPTION VARCHAR(4000),\u0009FILE_NAME VARCHAR(100))
drop table MPSR_COST_PERF if exists
CREATE TABLE MPSR_COST_PERF (\u0009MPSR_ID INTEGER,\u0009VERSION INTEGER DEFAULT 0,\u0009FILE_NAME VARCHAR(100),\u0009primary key (MPSR_ID))
drop table MPSR_COST_RPT if exists
CREATE TABLE MPSR_COST_RPT (\u0009MPSR_COST_RPT_ID INTEGER IDENTITY,\u0009\u0009MPSR_ID INTEGER,\u0009VERSION INTEGER DEFAULT 0,\u0009WBS VARCHAR(20) NOT NULL,\u0009WBS_DESC VARCHAR(100),\u0009EST DECIMAL(28,6),\u0009ACT DECIMAL(28,6),\u0009EAC DECIMAL(28,6))
drop table MPSR_ENG_IP if exists
CREATE TABLE MPSR_ENG_IP (\u0009MPSR_ENG_IP_ID INTEGER IDENTITY,\u0009MPSR_ID INTEGER,\u0009VERSION INTEGER DEFAULT 0,\u0009PACKAGE VARCHAR(50),\u0009IFR VARCHAR(50),\u0009IFC VARCHAR(50),\u0009INDICATOR VARCHAR(10),\u0009NOTE VARCHAR(500))
drop table MPSR_ENG_OP if exists
CREATE TABLE MPSR_ENG_OP (\u0009MPSR_ENG_OP_ID INTEGER IDENTITY,\u0009\u0009MPSR_ID INTEGER,\u0009VERSION INTEGER DEFAULT 0,\u0009PACKAGE VARCHAR(50),\u0009IFR VARCHAR(50),\u0009IFC VARCHAR(50),\u0009INDICATOR VARCHAR(10),\u0009NOTE VARCHAR(500))
drop table MPSR_EXE_SUM if exists
CREATE TABLE MPSR_EXE_SUM (\u0009MPSR_ID INTEGER,\u0009VERSION INTEGER DEFAULT 0,\u0009DESC_1_1_1 VARCHAR(4000),\u0009DESC_1_1_2 VARCHAR(4000),\u0009DESC_1_1_3 VARCHAR(4000),\u0009DESC_1_1_4 VARCHAR(4000),\u0009DESC_1_3_1 VARCHAR(4000),\u0009DESC_1_3_2 VARCHAR(4000),\u0009primary key (MPSR_ID))
drop table MPSR_FUNC_PERF if exists
CREATE TABLE MPSR_FUNC_PERF (\u0009MPSR_ID INTEGER,\u0009VERSION INTEGER DEFAULT 0,\u0009PROJ_STATUS VARCHAR(10),\u0009PROJ_TREND VARCHAR(10),\u0009PROJ_COMMENT VARCHAR(1000),\u0009SAFETY_STATUS VARCHAR(10),\u0009SAFETY_TREND VARCHAR(10),\u0009SAFETY_COMMENT VARCHAR(1000),\u0009LICEN_STATUS VARCHAR(10),\u0009LICEN_TREND VARCHAR(10),\u0009LICEN_COMMENT VARCHAR(1000),\u0009CORP_STATUS VARCHAR(10),\u0009CORP_TREND VARCHAR(10),\u0009CORP_COMMENT VARCHAR(1000),\u0009IPDE_STATUS VARCHAR(10),\u0009IPDE_TREND VARCHAR(10),\u0009IPDE_COMMENT VARCHAR(1000),\u0009OUTREACH_STATUS VARCHAR(10),\u0009OUTREACH_TREND VARCHAR(10),\u0009OUTREACH_COMMENT VARCHAR(1000),\u0009PROCU_STATUS VARCHAR(10),\u0009PROCU_TREND VARCHAR(2010),\u0009PROCU_COMMENT VARCHAR(1000),\u0009CONST_STATUS VARCHAR(10),\u0009CONST_TREND VARCHAR(10),\u0009CONST_COMMENT VARCHAR(1000),\u0009ENV_STATUS VARCHAR(10),\u0009ENV_TREND VARCHAR(10),\u0009ENV_COMMENT VARCHAR(1000),\u0009SALV_STATUS VARCHAR(10),\u0009SALV_TREND VARCHAR(10),\u0009SALV_COMMENT VARCHAR(1000),\u0009WITHDRAW_STATUS VARCHAR(10),\u0009WITHDRAW_TREND VARCHAR(10),\u0009WITHDRAW_COMMENT VARCHAR(1000),\u0009PROJ_PCT DECIMAL(4,3),\u0009SAFETY_PCT DECIMAL(4,3),\u0009LICEN_PCT DECIMAL(4,3),\u0009CORP_PCT DECIMAL(4,3),\u0009IPDE_PCT DECIMAL(4,3),\u0009OUTREACH_PCT DECIMAL(4,3),\u0009PROCU_PCT DECIMAL(4,3),\u0009CONST_PCT DECIMAL(4,3),\u0009ENV_PCT DECIMAL(4,3),\u0009SALV_PCT DECIMAL(4,3),\u0009WITHDRAW_PCT DECIMAL(4,3),\u0009TARGET_BUDGET_STATUS VARCHAR(10),\u0009TARGET_BUDGET_TREND VARCHAR(10),\u0009TARGET_BUDGET_COMMENT VARCHAR(1000),\u0009TARGET_BUDGET_PCT DECIMAL(4,3),\u0009primary key (MPSR_ID))
drop table MPSR_LPE if exists
CREATE TABLE MPSR_LPE (\u0009MPSR_ID INTEGER,\u0009VERSION INTEGER DEFAULT 0,\u0009DESC_6_1 VARCHAR(4000),\u0009DESC_6_2_1 VARCHAR(4000),\u0009DESC_6_2_2 VARCHAR(4000),\u0009primary key (MPSR_ID))
drop table MPSR_MILESTONE if exists
CREATE TABLE MPSR_MILESTONE (\u0009MPSR_MILESTONE_ID INTEGER IDENTITY,\u0009MPSR_ID INTEGER,\u0009VERSION INTEGER DEFAULT 0,\u0009MILESTONE VARCHAR(100),\u0009PLAN_DATE TIMESTAMP,\u0009END_DATE TIMESTAMP,\u0009MILESTONE_ID VARCHAR(20))
drop table MPSR_PEND_CO if exists
CREATE TABLE MPSR_PEND_CO (\u0009MPSR_PEND_CO_ID INTEGER IDENTITY,\u0009MPSR_ID INTEGER,\u0009VERSION INTEGER DEFAULT 0,\u0009PO_NUM VARCHAR(20),\u0009VENDOR VARCHAR(50),\u0009PREV_AMT DECIMAL(28,6),\u0009CURR_AMT DECIMAL(28,6),\u0009CURR_DESC VARCHAR(500),\u0009TOTAL_AMT DECIMAL(28,6))
drop table MPSR_PROCURE if exists
CREATE TABLE MPSR_PROCURE (\u0009MPSR_ID INTEGER,\u0009VERSION INTEGER DEFAULT 0,\u0009DESC_8_1_A VARCHAR(4000),\u0009DESC_8_1_B VARCHAR(4000),\u0009RECEIPT_TO_DATE DECIMAL(28,6),\u0009OPEN_COMMIT DECIMAL(28,6),\u0009DESC_8_2_1 VARCHAR(4000),\u0009DESC_8_2_2 VARCHAR(4000),\u0009primary key (MPSR_ID))
drop table MPSR_SAFE if exists
CREATE TABLE MPSR_SAFE (\u0009MPSR_ID INTEGER,\u0009VERSION INTEGER DEFAULT 0,\u0009DESC1 VARCHAR(4000),\u0009WH_CUR DECIMAL(28,6),\u0009WH_YTD DECIMAL(28,6),\u0009WH_PTD DECIMAL(28,6),\u0009OSHA_CUR DECIMAL(28,6),\u0009OSHA_YTD DECIMAL(28,6),\u0009OSHA_PTD DECIMAL(28,6),\u0009AID_1_CUR DECIMAL(28,6),\u0009AID_1_YTD DECIMAL(28,6),\u0009AID_1_PTD DECIMAL(28,6),\u0009MISS_CUR DECIMAL(28,6),\u0009MISS_YTD DECIMAL(28,6),\u0009MISS_PTD DECIMAL(28,6),\u0009AID_2_CUR DECIMAL(28,6),\u0009AID_2_YTD DECIMAL(28,6),\u0009AID_2_PTD DECIMAL(28,6),\u0009NOTE VARCHAR(1000),\u0009primary key (MPSR_ID))
drop table MPSR_SCHEDULE if exists
CREATE TABLE MPSR_SCHEDULE (\u0009MPSR_ID INTEGER,\u0009VERSION INTEGER DEFAULT 0,\u0009DESC_5_4 VARCHAR(4000),\u0009DESC_5_1 VARCHAR(4000),\u0009DESC_5_2 VARCHAR(4000),\u0009DESC_5_3 VARCHAR(4000),\u0009primary key (MPSR_ID))
drop table MPSR_SCHE_PERF if exists
CREATE TABLE MPSR_SCHE_PERF (\u0009MPSR_SCHE_PERF_ID INTEGER IDENTITY,\u0009MPSR_ID INTEGER,\u0009VERSION INTEGER DEFAULT 0,\u0009WBS VARCHAR(255),\u0009ORIGDUR DECIMAL(6,1),\u0009REMDUR DECIMAL(6,2),\u0009BL_PROJECT_START TIMESTAMP,\u0009BL_PROJECT_FINISH TIMESTAMP,\u0009START_DATE TIMESTAMP,\u0009FINISH_DATE TIMESTAMP,\u0009TOTAL_FLOAT DECIMAL(6,1),\u0009STATUS VARCHAR(20))
drop table MPSR_STATUS_SUM if exists
CREATE TABLE MPSR_STATUS_SUM (\u0009MPSR_ID INTEGER,\u0009VERSION INTEGER DEFAULT 0,\u0009BUDGET_STATUS VARCHAR(10),\u0009BUDGET_APPROVED DECIMAL(28,6),\u0009BUDGET_TO_DATE DECIMAL(28,6),\u0009BUDGET_AT_COMP DECIMAL(28,6),\u0009SCHEDULE_STATUS VARCHAR(10),\u0009SCHEDULE_APPROVED DECIMAL(28,6),\u0009SCHEDULE_TO_DATE DECIMAL(28,6),\u0009SCHEDULE_AT_COMP DECIMAL(28,6),\u0009IN_SERVICE_STATUS VARCHAR(10),\u0009IN_SERVICE_APPROVED TIMESTAMP,\u0009IN_SERVICE_TO_DATE TIMESTAMP,\u0009IN_SERVICE_AT_COMP TIMESTAMP,\u0009primary key (MPSR_ID))
INSERT INTO MPSR VALUES(1,0,'C.11101','Orange County Corrections Facility Expansion','July 2013','OCCPD','Orange County, FL','Figure-9.1.jpg')
COMMIT
INSERT INTO MPSR VALUES(10,0,'C.22202','Port Authority of New York and New Jersey Capital Improvement Program','July 2013','PANYNJ','Newark, NJ',NULL)
COMMIT
INSERT INTO MPSR VALUES(2,0,'C.33303','PEMEX Cadereyta','July 2013','PEMEX','Houston, TX',NULL)
COMMIT
INSERT INTO MPSR VALUES(3,0,'C.44404','MTA Capital Construction On-Call Assistance','July 2013','MTA','NYC, NY',NULL)
COMMIT
INSERT INTO MPSR VALUES(5,0,'C.55505','Logan International Airport Baggage Screening Upgrade','July 2013','MPA','Boston, MA',NULL)
COMMIT
INSERT INTO MPSR VALUES(6,0,'C.66606','Comer Pediatric Emergency Department','July 2013','University of Chicago Medicine','Chicago, IL',NULL)
COMMIT
INSERT INTO MPSR_APDX VALUES(5,2,0,'New',NULL,NULL,NULL)
COMMIT
INSERT INTO MPSR_APDX VALUES(2,1,0,'2','Project Organization','2008-result.pdf','TestTestTestTestTest')
COMMIT
INSERT INTO MPSR_APDX VALUES(3,1,0,'3','Licensing & Permits Matrix',NULL,NULL)
COMMIT
INSERT INTO MPSR_APDX VALUES(4,1,0,'4','Project Schedule in Comparison to the Baseline',NULL,NULL)
COMMIT
INSERT INTO MPSR_APDX VALUES(1,1,0,'1','Project Description','2008.pdf','TestTestTestTestTestTestTestTest')
COMMIT
INSERT INTO MPSR_APPR_CO VALUES(2,1,0,'4500626402','CG Power Solutions',2575.000000,NULL,NULL,2575.000000)
COMMIT
INSERT INTO MPSR_APPR_CO VALUES(3,1,0,'4500660307','CG Power Solutions',28700.000000,NULL,NULL,28700.000000)
COMMIT
INSERT INTO MPSR_APPR_CO VALUES(4,1,0,'4500618168','Mellick-Tully',4230.000000,NULL,NULL,4230.000000)
COMMIT
INSERT INTO MPSR_APPR_CO VALUES(5,1,0,'4500658998','Mellick-Tully',154348.000000,NULL,NULL,154348.000000)
COMMIT
INSERT INTO MPSR_APPR_CO VALUES(6,1,0,'4500635390','Siemens',4321480.740000,NULL,NULL,4321480.740000)
COMMIT
INSERT INTO MPSR_APPR_CO VALUES(7,1,0,'4500606268','Worley Parsons Group',19608.740000,NULL,NULL,19608.740000)
COMMIT
INSERT INTO MPSR_APPR_CO VALUES(8,1,0,'4500648255','Allied Barton Security',563744.000000,NULL,NULL,563744.000000)
COMMIT
INSERT INTO MPSR_ATCH VALUES(4,1,0,'2','Test',NULL,NULL)
COMMIT
INSERT INTO MPSR_ATCH VALUES(2,2,0,'New',NULL,NULL,NULL)
COMMIT
INSERT INTO MPSR_ATCH VALUES(1,1,0,'1','Safety Reports (Near Misses, Accidents, Root Cause Analysis, etc.)','wkhtmltopdf - Convert html to pdf using webkit (qtwebkit) - Google Project Hosting.pdf',NULL)
COMMIT
INSERT INTO MPSR_AUTH VALUES(10,0,NULL,'2013','2014','2015','2016','2017','2018-2022',323.716000,298.684000,141.349000,11.852000,NULL,NULL,NULL,NULL,NULL,8.733000,5.666000,NULL,NULL,NULL,'2013-06-20 00:00:00.000000',323.716000,298.684000,150.082000,17.518000,0.000000,0.000000,0.000000,'2013-06-20 00:00:00.000000',323.716000,243.934000,108.748000,18.660000,0.000000,0.000000,0.000000,'2013-01-28 00:00:00.000000',178.400000,130.200000,188.100000,120.200000,28.200000,0.000000,0.000000,'2012-04-30 00:00:00.000000','790.0',790.000000,695.058000,645.100000)
COMMIT
INSERT INTO MPSR_AUTH VALUES(2,0,NULL,'2013','2014','2015','2016','2017','2018-2022',NULL,NULL,NULL,NULL,NULL,NULL,NULL,NULL,NULL,NULL,NULL,NULL,NULL,NULL,'2013-09-23 00:00:00.000000',17.422000,30.300000,58.278000,0.000000,0.000000,0.000000,0.000000,'2013-06-06 00:00:00.000000',29.563000,41.437000,0.000000,0.000000,0.000000,0.000000,0.000000,'2013-02-20 00:00:00.000000',0.500000,20.075000,50.425000,0.000000,0.000000,0.000000,0.000000,'2012-09-10 00:00:00.000000','12/01/15',71.000000,71.000000,71.000000)
COMMIT
INSERT INTO MPSR_AUTH VALUES(1,0,'The current authorization is based on the Conceptual Estimate (70%). A project funding change authorization was approved on April 23, 2012.','2013','2014','2015','2016','2017','2018-2022',92.470000,37.842000,6.678000,NULL,NULL,NULL,NULL,NULL,NULL,3.146000,NULL,NULL,NULL,NULL,'2012-11-28 00:00:00.000000',26.312000,62.826000,37.842000,6.678000,0.000000,0.000000,0.000000,'2012-11-28 00:00:00.000000',0.000000,24.446000,65.949000,20.175000,0.000000,0.000000,0.000000,'2012-04-23 00:00:00.000000',0.000000,24.446000,49.379000,20.175000,0.000000,0.000000,0.000000,'2011-12-31 00:00:00.000000','133.7',133.658000,110.570000,94.000000)
COMMIT
INSERT INTO MPSR_AUTH VALUES(3,0,NULL,'2013','2014','2015','2016','2017','2018-2022',104.492000,5.600000,NULL,NULL,NULL,NULL,NULL,25.363000,1.400000,NULL,NULL,NULL,NULL,NULL,'2012-07-13 00:00:00.000000',30.442000,74.050000,8.823000,0.000000,0.000000,0.000000,0.000000,'2012-07-13 00:00:00.000000',0.238000,30.712000,74.050000,5.600000,0.000000,0.000000,0.000000,'2011-12-31 00:00:00.000000',0.238000,27.600000,77.162000,5.600000,0.000000,0.000000,0.000000,'2011-11-30 00:00:00.000000','113.3',113.315000,110.600000,110.600000)
COMMIT
INSERT INTO MPSR_AUTH VALUES(5,0,NULL,'2013','2014','2015','2016','2017','2018-2022',87.546000,164.709000,356.045000,81.744000,NULL,NULL,NULL,NULL,5.000000,90.000000,100.000000,NULL,NULL,NULL,'2013-06-20 00:00:00.000000',87.546000,157.254000,170.000000,14.200000,0.000000,0.000000,0.000000,'2013-06-20 00:00:00.000000',87.546000,117.754000,126.000000,7.700000,0.000000,0.000000,0.000000,'2013-01-18 00:00:00.000000',2.275000,97.025000,106.000000,126.000000,7.700000,0.000000,0.000000,'2012-01-18 00:00:00.000000','06/01/14',339.000000,339.000000,339.000000)
COMMIT
INSERT INTO MPSR_AUTH VALUES(6,0,NULL,'2013','2014','2015','2016','2017','2018-2022',1.676120,29.789690,90.589840,23.502040,2.795820,NULL,NULL,NULL,5.893070,35.427470,16.321960,1.288190,NULL,NULL,'2013-03-26 00:00:00.000000',1.676000,29.790000,63.033000,0.000000,0.000000,0.000000,0.000000,'2013-03-26 00:00:00.000000',1.676000,6.524000,27.800000,0.000000,0.000000,0.000000,0.000000,'2013-02-25 00:00:00.000000',0.000000,0.018000,2.400000,5.800000,27.800000,0.000000,0.000000,'2011-11-08 00:00:00.000000','10/31/14',36.000000,36.000000,36.000000)
COMMIT
INSERT INTO MPSR_BUDGET VALUES(1,0,'The budget (70% Estimate) for the project is ON TARGET',1449389.000000,999388.960000,NULL,300000.000000,3955610.000000,1389272.700000,2566337.380000,NULL,804463.000000,361398.220000,443065.370000,NULL,119819.000000,61319.000000,0.000000,58500.000000,4441062.000000,2411082.830000,2029979.960000,NULL,38825145.000000,33974098.400000,4851046.920000,NULL,29532786.000000,27945634.590000,1680424.170000,2500000.000000,44335799.000000,18047719.090000,22375643.110000,1050000.000000,1521604.000000,213389.120000,52875.000000,NULL,1394301.000000,392278.240000,160732.400000,504010.000000,4830721.000000,1837184.650000,2068092.320000,NULL,868954.000000,47504.080000,821449.800000,NULL,1581885.000000,487384.980000,94500.000000,1038000.000000,3145915.000000,NULL,NULL,NULL)
COMMIT
INSERT INTO MPSR_BUDGET VALUES(10,0,NULL,NULL,NULL,NULL,NULL,NULL,NULL,NULL,NULL,NULL,NULL,NULL,NULL,NULL,NULL,NULL,NULL,NULL,NULL,NULL,NULL,NULL,NULL,NULL,NULL,NULL,NULL,NULL,NULL,NULL,NULL,NULL,NULL,NULL,NULL,NULL,NULL,NULL,NULL,NULL,NULL,NULL,NULL,NULL,NULL,NULL,NULL,NULL,NULL,NULL,NULL,NULL,NULL,NULL,NULL,NULL,NULL)
COMMIT
INSERT INTO MPSR_BUDGET VALUES(2,0,NULL,NULL,NULL,NULL,NULL,NULL,NULL,NULL,NULL,NULL,NULL,NULL,NULL,NULL,NULL,NULL,NULL,NULL,NULL,NULL,NULL,NULL,NULL,NULL,NULL,NULL,NULL,NULL,NULL,NULL,NULL,NULL,NULL,NULL,NULL,NULL,NULL,NULL,NULL,NULL,NULL,NULL,NULL,NULL,NULL,NULL,NULL,NULL,NULL,NULL,NULL,NULL,NULL,NULL,NULL,NULL,NULL)
COMMIT
INSERT INTO MPSR_BUDGET VALUES(3,0,NULL,NULL,NULL,NULL,NULL,NULL,NULL,NULL,NULL,NULL,NULL,NULL,NULL,NULL,NULL,NULL,NULL,NULL,NULL,NULL,NULL,NULL,NULL,NULL,NULL,NULL,NULL,NULL,NULL,NULL,NULL,NULL,NULL,NULL,NULL,NULL,NULL,NULL,NULL,NULL,NULL,NULL,NULL,NULL,NULL,NULL,NULL,NULL,NULL,NULL,NULL,NULL,NULL,NULL,NULL,NULL,NULL)
COMMIT
INSERT INTO MPSR_BUDGET VALUES(5,0,NULL,NULL,NULL,NULL,NULL,NULL,NULL,NULL,NULL,NULL,NULL,NULL,NULL,NULL,NULL,NULL,NULL,NULL,NULL,NULL,NULL,NULL,NULL,NULL,NULL,NULL,NULL,NULL,NULL,NULL,NULL,NULL,NULL,NULL,NULL,NULL,NULL,NULL,NULL,NULL,NULL,NULL,NULL,NULL,NULL,NULL,NULL,NULL,NULL,NULL,NULL,NULL,NULL,NULL,NULL,NULL,NULL)
COMMIT
INSERT INTO MPSR_BUDGET VALUES(6,0,NULL,NULL,NULL,NULL,NULL,NULL,NULL,NULL,NULL,NULL,NULL,NULL,NULL,NULL,NULL,NULL,NULL,NULL,NULL,NULL,NULL,NULL,NULL,NULL,NULL,NULL,NULL,NULL,NULL,NULL,NULL,NULL,NULL,NULL,NULL,NULL,NULL,NULL,NULL,NULL,NULL,NULL,NULL,NULL,NULL,NULL,NULL,NULL,NULL,NULL,NULL,NULL,NULL,NULL,NULL,NULL,NULL)
COMMIT
INSERT INTO MPSR_CONST_IP VALUES(3,1,0,'9.1.2','GIS Building Erection','GIS','Siemens''s subcontractors completed erection of the GIS building and control house.','Figure-9.2.jpg')
COMMIT
INSERT INTO MPSR_CONST_IP VALUES(6,1,0,'9.1.3','Delivery of GIS equipment to site',NULL,NULL,'Figure-9.3.jpg')
COMMIT
INSERT INTO MPSR_CONST_IP VALUES(16,11,0,'New',NULL,NULL,NULL,'Figure-9.2.jpg')
COMMIT
INSERT INTO MPSR_CONST_IP VALUES(13,5,0,'New',NULL,NULL,NULL,'download-07.jpg')
COMMIT
INSERT INTO MPSR_CONST_IP VALUES(12,3,0,'New',NULL,NULL,NULL,'download-05.jpg')
COMMIT
INSERT INTO MPSR_CONST_IP VALUES(14,6,0,'New',NULL,NULL,NULL,'Figure-9.1.jpg')
COMMIT
INSERT INTO MPSR_CONST_IP VALUES(15,10,0,'New',NULL,NULL,NULL,'Figure-9.1.jpg')
COMMIT
INSERT INTO MPSR_CONST_IP VALUES(4,2,0,'New',NULL,NULL,NULL,'Figure-9.1.jpg')
COMMIT
INSERT INTO MPSR_CONST_IP VALUES(1,1,0,'9.1.1','Station Service Transformer Foundation in Progress','Balance of Plant (BOP)','Siemen''s subcontractors continued with installation of piles and site work for GIB and termination structure foundations.','Figure-9.1.jpg')
COMMIT
INSERT INTO MPSR_CONST_OP VALUES(1,1,0,'9.2.1','Site','Test',NULL,'download-01.jpg')
COMMIT
INSERT INTO MPSR_CONST_OP VALUES(8,11,0,'New',NULL,NULL,NULL,'Figure-9.3.jpg')
COMMIT
INSERT INTO MPSR_CONST_OP VALUES(3,2,0,'New',NULL,NULL,NULL,'download-04.jpg')
COMMIT
INSERT INTO MPSR_CONST_OP VALUES(4,3,0,'New',NULL,NULL,NULL,'download-06.jpg')
COMMIT
INSERT INTO MPSR_CONST_OP VALUES(5,5,0,'New',NULL,NULL,NULL,'download-08.jpg')
COMMIT
INSERT INTO MPSR_CONST_OP VALUES(6,6,0,'New',NULL,NULL,NULL,'download-09.jpg')
COMMIT
INSERT INTO MPSR_CONST_OP VALUES(7,10,0,'New',NULL,NULL,NULL,'Figure-9.2.jpg')
COMMIT
INSERT INTO MPSR_CONST_OP VALUES(2,1,0,'9.2.2','Site',NULL,NULL,'download-02.jpg')
COMMIT
INSERT INTO MPSR_COST_PERF VALUES(1,0,'C.11101.png')
COMMIT
INSERT INTO MPSR_COST_PERF VALUES(2,0,'C.33303.png')
COMMIT
INSERT INTO MPSR_COST_PERF VALUES(3,0,'C.44404.png')
COMMIT
INSERT INTO MPSR_COST_PERF VALUES(5,0,'C.55505.png')
COMMIT
INSERT INTO MPSR_COST_PERF VALUES(6,0,'C.91232.png')
COMMIT
INSERT INTO MPSR_COST_PERF VALUES(10,0,'C.22202.png')
COMMIT
INSERT INTO MPSR_COST_RPT VALUES(1,1,0,'C.11101','Bergen SW',NULL,NULL,NULL)
COMMIT
INSERT INTO MPSR_COST_RPT VALUES(2,1,0,'C.11101.1.A','Project Management',NULL,NULL,NULL)
COMMIT
INSERT INTO MPSR_COST_RPT VALUES(3,1,0,'C.11101.1.B',NULL,NULL,NULL,NULL)
COMMIT
INSERT INTO MPSR_COST_RPT VALUES(4,1,0,'C.11101.1.B.1','Inside Plant - GIS',NULL,NULL,NULL)
COMMIT
INSERT INTO MPSR_COST_RPT VALUES(5,1,0,'C.11101.1.B.2','Inside Plant - BOP',NULL,NULL,NULL)
COMMIT
INSERT INTO MPSR_COST_RPT VALUES(6,1,0,'C.11101.1.C','Outside Plant',NULL,NULL,NULL)
COMMIT
INSERT INTO MPSR_COST_RPT VALUES(7,1,0,'C.11101.S','Salvage',NULL,NULL,NULL)
COMMIT
INSERT INTO MPSR_COST_RPT VALUES(8,1,0,'C.11101.W','Withdrawals',NULL,NULL,NULL)
COMMIT
INSERT INTO MPSR_ENG_IP VALUES(2,1,0,'Civil',NULL,NULL,NULL,NULL)
COMMIT
INSERT INTO MPSR_ENG_IP VALUES(1,1,0,'Layout',NULL,NULL,'Green','Test')
COMMIT
INSERT INTO MPSR_ENG_IP VALUES(4,1,0,'Protection & Controls',NULL,NULL,NULL,NULL)
COMMIT
INSERT INTO MPSR_ENG_OP VALUES(1,1,0,'Civil',NULL,NULL,NULL,NULL)
COMMIT
INSERT INTO MPSR_ENG_OP VALUES(2,1,0,'Protection & Controls',NULL,NULL,NULL,NULL)
COMMIT
INSERT INTO MPSR_ENG_OP VALUES(3,1,0,'Layout',NULL,NULL,NULL,NULL)
COMMIT
INSERT INTO MPSR_EXE_SUM VALUES(1,0,NULL,NULL,NULL,NULL,NULL,NULL)
COMMIT
INSERT INTO MPSR_EXE_SUM VALUES(10,0,NULL,NULL,NULL,NULL,NULL,NULL)
COMMIT
INSERT INTO MPSR_EXE_SUM VALUES(2,0,NULL,NULL,NULL,NULL,NULL,NULL)
COMMIT
INSERT INTO MPSR_EXE_SUM VALUES(3,0,NULL,NULL,NULL,NULL,NULL,NULL)
COMMIT
INSERT INTO MPSR_EXE_SUM VALUES(5,0,NULL,NULL,NULL,NULL,NULL,NULL)
COMMIT
INSERT INTO MPSR_EXE_SUM VALUES(6,0,NULL,NULL,NULL,NULL,NULL,NULL)
COMMIT
INSERT INTO MPSR_FUNC_PERF VALUES(1,0,'Green','Down',NULL,'Yellow','Up',NULL,'Red','Even',NULL,NULL,NULL,NULL,NULL,NULL,NULL,NULL,NULL,NULL,NULL,NULL,NULL,NULL,NULL,NULL,NULL,NULL,NULL,NULL,NULL,NULL,NULL,NULL,NULL,0.880,0.680,0.520,0.520,0.460,0.400,0.400,0.460,0.470,0.520,0.720,'Yellow','Down',NULL,0.680)
COMMIT
INSERT INTO MPSR_FUNC_PERF VALUES(10,0,'Green',NULL,NULL,NULL,NULL,NULL,NULL,NULL,NULL,NULL,NULL,NULL,NULL,NULL,NULL,NULL,NULL,NULL,NULL,NULL,NULL,NULL,NULL,NULL,NULL,NULL,NULL,NULL,NULL,NULL,NULL,NULL,NULL,NULL,NULL,NULL,NULL,NULL,NULL,NULL,NULL,NULL,NULL,NULL,NULL,NULL,NULL,NULL)
COMMIT
INSERT INTO MPSR_FUNC_PERF VALUES(2,0,NULL,NULL,NULL,NULL,NULL,NULL,NULL,NULL,NULL,NULL,NULL,NULL,NULL,NULL,NULL,NULL,NULL,NULL,NULL,NULL,NULL,NULL,NULL,NULL,NULL,NULL,NULL,NULL,NULL,NULL,NULL,NULL,NULL,NULL,NULL,NULL,NULL,NULL,NULL,NULL,NULL,NULL,NULL,NULL,NULL,NULL,NULL,NULL)
COMMIT
INSERT INTO MPSR_FUNC_PERF VALUES(3,0,NULL,NULL,NULL,NULL,NULL,NULL,NULL,NULL,NULL,NULL,NULL,NULL,NULL,NULL,NULL,NULL,NULL,NULL,NULL,NULL,NULL,NULL,NULL,NULL,NULL,NULL,NULL,NULL,NULL,NULL,NULL,NULL,NULL,NULL,NULL,NULL,NULL,NULL,NULL,NULL,NULL,NULL,NULL,NULL,NULL,NULL,NULL,NULL)
COMMIT
INSERT INTO MPSR_FUNC_PERF VALUES(5,0,NULL,NULL,NULL,NULL,NULL,NULL,NULL,NULL,NULL,NULL,NULL,NULL,NULL,NULL,NULL,NULL,NULL,NULL,NULL,NULL,NULL,NULL,NULL,NULL,NULL,NULL,NULL,NULL,NULL,NULL,NULL,NULL,NULL,NULL,NULL,NULL,NULL,NULL,NULL,NULL,NULL,NULL,NULL,NULL,NULL,NULL,NULL,NULL)
COMMIT
INSERT INTO MPSR_FUNC_PERF VALUES(6,0,NULL,NULL,NULL,NULL,NULL,NULL,NULL,NULL,NULL,NULL,NULL,NULL,NULL,NULL,NULL,NULL,NULL,NULL,NULL,NULL,NULL,NULL,NULL,NULL,NULL,NULL,NULL,NULL,NULL,NULL,NULL,NULL,NULL,NULL,NULL,NULL,NULL,NULL,NULL,NULL,NULL,NULL,NULL,NULL,NULL,NULL,NULL,NULL)
COMMIT
INSERT INTO MPSR_LPE VALUES(10,0,'The project received final approval from the National Park Service and DEP ',NULL,NULL)
COMMIT
INSERT INTO MPSR_LPE VALUES(1,0,'All permits for the project have been obtained. L&P will continue ',NULL,'A compliance assistance inspection was conducted on May 31, 2012 by URS compliance specialists. The report identified 14 environmental and permitting regulatory compliance items applicable to this project. Seven items were identified as either \u001cDeficient\u001d or \u001cRequires Further Evaluation\u001d and recommendations were provided. The below acceptable remarks commonly referred to the location of permits on-site and their availability. The project team with Siemens has reviewed the recommendations and will ensure that all permits are available for future compliance reviews. ')
COMMIT
INSERT INTO MPSR_LPE VALUES(2,0,'Property has been secured.  ',NULL,NULL)
COMMIT
INSERT INTO MPSR_LPE VALUES(3,0,'Permits secured to initial construction. Permits to be closed out.',NULL,NULL)
COMMIT
INSERT INTO MPSR_LPE VALUES(5,0,'We have completed the Phase 1 evaluation with AECOM.',NULL,NULL)
COMMIT
INSERT INTO MPSR_LPE VALUES(6,0,'Permitting applications being worked on now that GIS buildings have been re-engineered. ',NULL,NULL)
COMMIT
INSERT INTO MPSR_MILESTONE VALUES(109,6,0,'Major Equipment (GIS&Xfmr) POs Issued IP Station - FRNT','2013-11-01 00:00:00.000000',NULL,'PR59750MS20')
COMMIT
INSERT INTO MPSR_MILESTONE VALUES(110,5,0,'Issue Updated Project Scope Document (PSD)','2013-03-01 00:00:00.000000',NULL,'PL12790MS')
COMMIT
INSERT INTO MPSR_MILESTONE VALUES(111,5,0,'Start OH Construction - Roseland to Athenia (M-2318! K-2316)','2013-08-01 00:00:00.000000',NULL,'CO59720MS')
COMMIT
INSERT INTO MPSR_MILESTONE VALUES(112,5,0,'Issue IP Civil Construction Bid Package - Class H Stations','2013-06-03 00:00:00.000000',NULL,'DE59881MS')
COMMIT
INSERT INTO MPSR_MILESTONE VALUES(113,6,0,'Major  Regional Licenses and Permits Issued - GBK','2013-12-02 00:00:00.000000',NULL,'LP2425MS')
COMMIT
INSERT INTO MPSR_MILESTONE VALUES(114,5,0,'Issue UG Construction Bid Package - Athenia to SB (F-2337)','2013-05-01 00:00:00.000000',NULL,'DE60456MS')
COMMIT
INSERT INTO MPSR_MILESTONE VALUES(115,5,0,'Issue IP Electrical Construction BId Package - Class H Stations','2013-07-01 00:00:00.000000',NULL,'DE59945MS')
COMMIT
INSERT INTO MPSR_MILESTONE VALUES(116,6,0,'Major  Regional Licenses and Permits Issued - S. SCND','2013-12-02 00:00:00.000000',NULL,'LP2425MS10')
COMMIT
INSERT INTO MPSR_MILESTONE VALUES(117,5,0,'Issue PO UG Construction - SWH Balance (H-2313)','2013-08-15 00:00:00.000000',NULL,'CO59580MS')
COMMIT
INSERT INTO MPSR_MILESTONE VALUES(118,6,0,'Release Civil Construction Drwgs/SOW IP - S. SCND','2013-11-13 00:00:00.000000',NULL,'DE59890MS40')
COMMIT
INSERT INTO MPSR_MILESTONE VALUES(119,3,0,'In Service Date - Total Project (Required 01-Jun-13) (w/ Reactor)','2013-02-28 00:00:00.000000',NULL,'AD12590MS')
COMMIT
INSERT INTO MPSR_MILESTONE VALUES(120,5,0,'Issue PO UG Construction - Athenia to SB (F-2337)','2013-10-15 00:00:00.000000',NULL,'CO59590MS')
COMMIT
INSERT INTO MPSR_MILESTONE VALUES(121,3,0,'Close Out Reports Completed','2013-08-31 00:00:00.000000',NULL,'CL59240MS')
COMMIT
INSERT INTO MPSR_MILESTONE VALUES(122,6,0,'Major  Regional Licenses and Permits Issued - FRNT','2013-12-02 00:00:00.000000',NULL,'LP2425MS20')
COMMIT
INSERT INTO MPSR_MILESTONE VALUES(123,6,0,'Major Equipment (GIS&Xfmr) POs Issued IP Station - S. SCND','2013-11-01 00:00:00.000000',NULL,'PR59750MS10')
COMMIT
INSERT INTO MPSR_MILESTONE VALUES(124,5,0,'Start UG Construction - SWH Balance (H-2313)','2013-09-02 00:00:00.000000',NULL,'CO59730MS')
COMMIT
INSERT INTO MPSR_MILESTONE VALUES(125,5,0,'Issue UG Construction Bid Package - SWH Balance (H-2313)','2013-04-01 00:00:00.000000',NULL,'DE60455MS')
COMMIT
INSERT INTO MPSR_MILESTONE VALUES(126,5,0,'Issue OH Rail Crossing Design Package - NJT Rail Road Review','2013-05-01 00:00:00.000000',NULL,'DE60370MS')
COMMIT
INSERT INTO MPSR_MILESTONE VALUES(127,5,0,'Annual Review of Project Execution Plan (PEP)','2013-06-03 00:00:00.000000',NULL,'PL12781MS')
COMMIT
INSERT INTO MPSR_MILESTONE VALUES(128,5,0,'Start IP Electrical Construction - Switching Stations','2013-11-01 00:00:00.000000',NULL,'CO59620MS')
COMMIT
INSERT INTO MPSR_MILESTONE VALUES(129,5,0,'Issue OH IFC Package - Roseland to Athenia (M-2318! K-2316)','2013-05-15 00:00:00.000000',NULL,'DE60371MS')
COMMIT
INSERT INTO MPSR_MILESTONE VALUES(130,5,0,'Issue UG Construction Bid Package - SB to Bergen (C-2334)','2013-09-02 00:00:00.000000',NULL,'DE60457MS')
COMMIT
INSERT INTO MPSR_MILESTONE VALUES(131,5,0,'Issue IP Foundations DCA Package - IIn ground','2013-06-03 00:00:00.000000',NULL,'DE59890MS')
COMMIT
INSERT INTO MPSR_MILESTONE VALUES(132,5,0,'Issue UG IFC Package - SB to Bergen (C-2334)','2013-10-01 00:00:00.000000',NULL,'DE60452MS')
COMMIT
INSERT INTO MPSR_MILESTONE VALUES(133,5,0,'Start IP Civil Construction - Switching Stations','2013-09-02 00:00:00.000000',NULL,'CO59610MS')
COMMIT
INSERT INTO MPSR_MILESTONE VALUES(134,6,0,'Major  Regional Licenses and Permits Issued  - PLNFLD','2013-12-02 00:00:00.000000',NULL,'LP2425MS30')
COMMIT
INSERT INTO MPSR_MILESTONE VALUES(135,5,0,'Issue PO IP Civil Construction - Switching Stations','2013-08-15 00:00:00.000000',NULL,'CO59480MS')
COMMIT
INSERT INTO MPSR_MILESTONE VALUES(136,6,0,'Release Civil Construction Drwgs/SOW IP - FRNT','2013-11-13 00:00:00.000000',NULL,'DE59890MS20')
COMMIT
INSERT INTO MPSR_MILESTONE VALUES(137,5,0,'Start UG Construction - Athenia to SB (F-2337)','2013-11-01 00:00:00.000000',NULL,'CO59731MS')
COMMIT
INSERT INTO MPSR_MILESTONE VALUES(138,6,0,'Complete Project Execution Plan  Year 1 Annual Review (schedule, scope, estimate)','2013-09-03 00:00:00.000000',NULL,'A2870')
COMMIT
INSERT INTO MPSR_MILESTONE VALUES(139,5,0,'Issue IP Civil Construction Bid Package - Switching Stations','2013-05-01 00:00:00.000000',NULL,'DE59880MS')
COMMIT
INSERT INTO MPSR_MILESTONE VALUES(140,6,0,'Award Contract to A&E for Detailed Engineering','2013-06-03 00:00:00.000000',NULL,'DE59430MS')
COMMIT
INSERT INTO MPSR_MILESTONE VALUES(141,6,0,'Release Civil Construction Drwgs/SOW IP - PLNFLD','2013-11-13 00:00:00.000000',NULL,'DE59890MS30')
COMMIT
INSERT INTO MPSR_MILESTONE VALUES(142,5,0,'Issue OH Construction Bid Package - Roseland to Athenia (M-2318! K-2316)','2013-04-01 00:00:00.000000',NULL,'DE60375MS')
COMMIT
INSERT INTO MPSR_MILESTONE VALUES(143,5,0,'Issue PO IP Electrical Construction - Switching Stations','2013-10-15 00:00:00.000000',NULL,'CO59490MS')
COMMIT
INSERT INTO MPSR_MILESTONE VALUES(144,6,0,'Major Equipment (GIS&Xfmr) POs Issued IP Station - GBK','2013-11-01 00:00:00.000000',NULL,'PR59750MS')
COMMIT
INSERT INTO MPSR_MILESTONE VALUES(145,6,0,'Major Equipment (GIS&Xfmr) POs Issued IP Station  - PLNFLD','2013-11-01 00:00:00.000000',NULL,'PR59750MS30')
COMMIT
INSERT INTO MPSR_MILESTONE VALUES(146,1,0,'In Service Date - Total Project (Required  31 Dec 2013)','2013-12-31 00:00:00.000000',NULL,'AD1010MS')
COMMIT
INSERT INTO MPSR_MILESTONE VALUES(147,5,0,'NJDEP Issue IP & OP Flood Hazard Area (FHA) Permit','2013-08-01 00:00:00.000000',NULL,'LP2436MS')
COMMIT
INSERT INTO MPSR_MILESTONE VALUES(148,5,0,'70% Estimate Completed and Approved','2013-10-01 00:00:00.000000',NULL,'PL59251MS')
COMMIT
INSERT INTO MPSR_MILESTONE VALUES(149,5,0,'Issue PO Material - Pump Houses','2013-06-03 00:00:00.000000',NULL,'PR59771MS')
COMMIT
INSERT INTO MPSR_MILESTONE VALUES(150,5,0,'Issue PO Material - Okonite UG Cable','2013-04-01 00:00:00.000000',NULL,'PR59770MS')
COMMIT
INSERT INTO MPSR_MILESTONE VALUES(151,5,0,'Issue IP Electrical Construction Bid Package - Switching Stations','2013-08-01 00:00:00.000000',NULL,'DE59946MS')
COMMIT
INSERT INTO MPSR_MILESTONE VALUES(152,6,0,'Release Civil Construction Drwgs/SOW IP - GBK','2013-11-13 00:00:00.000000',NULL,'DE59890MS10')
COMMIT
INSERT INTO MPSR_MILESTONE VALUES(153,5,0,'Issue PO OH Construction - Roseland to Athenia (M-2318! K-2316)','2013-07-15 00:00:00.000000',NULL,'CO59570MS')
COMMIT
INSERT INTO MPSR_MILESTONE VALUES(154,1,0,'Populate NED with eqpt ratings info - Bergen Switch GIS','2013-08-25 00:00:00.000000',NULL,'PL2650')
COMMIT
INSERT INTO MPSR_MILESTONE VALUES(155,5,0,'NJDEP Issue OP Fresh Water Wetland (FWW) Permit','2013-08-01 00:00:00.000000',NULL,'LP2435MS')
COMMIT
INSERT INTO MPSR_MILESTONE VALUES(156,5,0,'Issue UG IFC Package - SWH Balance (H-2313)','2013-05-01 00:00:00.000000',NULL,'DE60450MS')
COMMIT
INSERT INTO MPSR_MILESTONE VALUES(157,5,0,'Issue IP Buildings DCA Package - GIS and Control Buildings','2013-07-01 00:00:00.000000',NULL,'DE59891MS')
COMMIT
INSERT INTO MPSR_MILESTONE VALUES(158,5,0,'Issue UG IFC Package - Athenia to SB (F-2337)','2013-06-03 00:00:00.000000',NULL,'DE60451MS')
COMMIT
INSERT INTO MPSR_PEND_CO VALUES(3,1,0,'New',NULL,NULL,NULL,NULL,30.000000)
COMMIT
INSERT INTO MPSR_PEND_CO VALUES(1,1,0,'New',NULL,NULL,NULL,NULL,10.000000)
COMMIT
INSERT INTO MPSR_PEND_CO VALUES(2,1,0,'New',NULL,NULL,NULL,NULL,20.000000)
COMMIT
INSERT INTO MPSR_PROCURE VALUES(1,0,'As of June 30, 2012, Purchase Orders are summarized as:','See Attachment 7 for a complete Purchase Order inclusive of all agreements up to May 31, 2012.',NULL,NULL,'To date this project has generated $13,371,374.55 in formal and requested change orders. Below is a summarized breakdown of the total amount. The project team is evaluating each of the change requests for accuracy and determining if any credits are due from changes in contract scopes.','PMA successfully resolved the outstanding change order requests. A Memorandum of Understanding was signed October 24, 2012 indicating the agreed total Change Order amount of $10,432,812 to the turnkey contract SCM-2001-DEL-1000982 Amendment#1. After adjustments of the provisional sums, to be reflected in PO 4500654311 (Siemens BoP), the net increase to the Contract Price is $9,197,397. Requisition #11639218 coverting this change amount was created for approval. The 930 Review Process is expected to be completed in Januray.')
COMMIT
INSERT INTO MPSR_PROCURE VALUES(10,0,NULL,NULL,NULL,NULL,NULL,NULL)
COMMIT
INSERT INTO MPSR_PROCURE VALUES(2,0,NULL,NULL,NULL,NULL,NULL,NULL)
COMMIT
INSERT INTO MPSR_PROCURE VALUES(3,0,NULL,NULL,NULL,NULL,NULL,NULL)
COMMIT
INSERT INTO MPSR_PROCURE VALUES(5,0,NULL,NULL,NULL,NULL,NULL,NULL)
COMMIT
INSERT INTO MPSR_PROCURE VALUES(6,0,NULL,NULL,NULL,NULL,NULL,NULL)
COMMIT
INSERT INTO MPSR_SAFE VALUES(10,0,NULL,NULL,NULL,NULL,NULL,NULL,NULL,NULL,NULL,NULL,NULL,NULL,NULL,NULL,NULL,NULL,NULL)
COMMIT
INSERT INTO MPSR_SAFE VALUES(2,0,NULL,NULL,NULL,NULL,NULL,NULL,NULL,NULL,NULL,NULL,NULL,NULL,NULL,NULL,NULL,NULL,NULL)
COMMIT
INSERT INTO MPSR_SAFE VALUES(1,0,'The hours worked on the project and number of incidents for the current period, and totals to date are shown in Table 2.1 below. These numbers are abstracted from safety reports that manager the overall project DART and TRIR rates. See Attachment 1 for the complete current project safety report.',0.000000,0.000000,0.000000,0.000000,0.000000,0.000000,0.000000,0.000000,0.000000,0.000000,0.000000,0.000000,0.000000,0.000000,0.000000,'All work hours includes EPC contractor hours for C.11101, C.91112, C.91116, C.91117, C.91118')
COMMIT
INSERT INTO MPSR_SAFE VALUES(3,0,NULL,NULL,NULL,NULL,NULL,NULL,NULL,NULL,NULL,NULL,NULL,NULL,NULL,NULL,NULL,NULL,NULL)
COMMIT
INSERT INTO MPSR_SAFE VALUES(5,0,NULL,NULL,NULL,NULL,NULL,NULL,NULL,NULL,NULL,NULL,NULL,NULL,NULL,NULL,NULL,NULL,NULL)
COMMIT
INSERT INTO MPSR_SAFE VALUES(6,0,NULL,NULL,NULL,NULL,NULL,NULL,NULL,NULL,NULL,NULL,NULL,NULL,NULL,NULL,NULL,NULL,NULL)
COMMIT
INSERT INTO MPSR_SCHEDULE VALUES(10,0,NULL,NULL,NULL,NULL)
COMMIT
INSERT INTO MPSR_SCHEDULE VALUES(1,0,'','',NULL,'')
COMMIT
INSERT INTO MPSR_SCHEDULE VALUES(2,0,NULL,NULL,NULL,NULL)
COMMIT
INSERT INTO MPSR_SCHEDULE VALUES(3,0,NULL,NULL,NULL,NULL)
COMMIT
INSERT INTO MPSR_SCHEDULE VALUES(5,0,NULL,NULL,NULL,NULL)
COMMIT
INSERT INTO MPSR_SCHEDULE VALUES(6,0,NULL,NULL,NULL,NULL)
COMMIT
INSERT INTO MPSR_SCHE_PERF VALUES(185,5,0,'        C.55505.1.C.1.3  Equipment & Material Procurement  - Long Lead Time Items',211.9,135.00,'2012-10-22 00:00:00.000000','2013-11-12 00:00:00.000000','2012-11-19 00:00:00.000000','2014-04-11 00:00:00.000000',37.0,'InProgress')
COMMIT
INSERT INTO MPSR_SCHE_PERF VALUES(186,5,0,'        C.55505.1.C.1.4  Construction',308.0,358.00,'2012-05-15 00:00:00.000000','2015-05-20 00:00:00.000000','2012-05-15 00:00:00.000000','2015-04-10 00:00:00.000000',35.0,'InProgress')
COMMIT
INSERT INTO MPSR_SCHE_PERF VALUES(187,5,0,'      C.55505.1.C.2  OP Schedule - OH Segment G-1307 (Roseland to Kearny)',747.9,395.00,'2011-05-15 00:00:00.000000','2015-05-20 00:00:00.000000','2011-05-15 00:00:00.000000','2015-04-10 00:00:00.000000',35.0,'InProgress')
COMMIT
INSERT INTO MPSR_SCHE_PERF VALUES(188,5,0,'        C.55505.1.C.2.1  Design & Engineering',444.9,37.00,'2011-12-16 00:00:00.000000','2013-09-17 00:00:00.000000','2011-12-16 00:00:00.000000','2013-11-20 00:00:00.000000',35.0,'InProgress')
COMMIT
INSERT INTO MPSR_SCHE_PERF VALUES(198,5,0,'        C.55505.1.C.4.1  Design & Engineering',567.4,229.50,'2011-12-16 00:00:00.000000','2013-09-17 00:00:00.000000','2011-12-16 00:00:00.000000','2014-08-22 00:00:00.000000',39.5,'InProgress')
COMMIT
INSERT INTO MPSR_SCHE_PERF VALUES(199,5,0,'        C.55505.1.C.4.2  Licensing & Permitting',463.9,61.00,'2011-05-15 00:00:00.000000','2013-12-27 00:00:00.000000','2011-05-15 00:00:00.000000','2013-12-27 00:00:00.000000',369.0,'InProgress')
COMMIT
INSERT INTO MPSR_SCHE_PERF VALUES(200,5,0,'        C.55505.1.C.4.3  Equipment & Material Procurement  - Long Lead Time Items',441.9,246.00,'2012-10-22 00:00:00.000000','2013-11-12 00:00:00.000000','2012-11-19 00:00:00.000000','2014-09-15 00:00:00.000000',274.0,'InProgress')
COMMIT
INSERT INTO MPSR_SCHE_PERF VALUES(201,5,0,'        C.55505.1.C.4.4  Construction',291.0,161.00,'2013-03-04 00:00:00.000000','2015-05-20 00:00:00.000000','2013-09-15 00:00:00.000000','2015-04-27 00:00:00.000000',24.0,'InProgress')
COMMIT
INSERT INTO MPSR_SCHE_PERF VALUES(202,5,0,'      C.55505.1.C.5  OP Schedule - OH Segment X-2250 (Hudson-Bell-Penhorn)',875.9,423.00,'2011-05-15 00:00:00.000000','2015-05-20 00:00:00.000000','2011-05-15 00:00:00.000000','2015-05-20 00:00:00.000000',7.0,'InProgress')
COMMIT
INSERT INTO MPSR_SCHE_PERF VALUES(203,5,0,'        C.55505.1.C.5.1  Design & Engineering',444.9,63.00,'2011-12-16 00:00:00.000000','2013-09-17 00:00:00.000000','2011-12-16 00:00:00.000000','2013-12-31 00:00:00.000000',177.0,'InProgress')
COMMIT
INSERT INTO MPSR_SCHE_PERF VALUES(292,6,0,'        C.66606.1.1.1.2  Licensing & Permiting',130.0,80.00,'2013-03-14 00:00:00.000000','2013-09-16 00:00:00.000000','2013-06-15 00:00:00.000000','2014-07-11 00:00:00.000000',106.0,'InProgress')
COMMIT
INSERT INTO MPSR_SCHE_PERF VALUES(293,6,0,'        C.66606.1.1.1.3  Equipment & Material Procurement - Long Lead Items',150.0,75.00,'2013-02-28 00:00:00.000000','2013-06-13 00:00:00.000000','2014-03-10 00:00:00.000000','2014-06-20 00:00:00.000000',179.0,'NotStarterd')
COMMIT
INSERT INTO MPSR_SCHE_PERF VALUES(294,6,0,'        C.66606.1.1.1.4  Construction',200.0,148.00,'2013-06-07 00:00:00.000000','2014-03-21 00:00:00.000000','2013-04-15 00:00:00.000000','2015-01-07 00:00:00.000000',66.0,'InProgress')
COMMIT
INSERT INTO MPSR_SCHE_PERF VALUES(295,6,0,'      C.66606.1.1.2  Mountain Ave. - S. 2nd Street-Seg2',290.0,178.00,'2013-09-03 00:00:00.000000','2014-10-17 00:00:00.000000','2013-04-15 00:00:00.000000','2015-01-07 00:00:00.000000',186.0,'InProgress')
COMMIT
INSERT INTO MPSR_SCHE_PERF VALUES(296,6,0,'        C.66606.1.1.2.1  Design & Engineering',180.0,90.00,'2013-09-03 00:00:00.000000','2014-05-16 00:00:00.000000','2014-05-05 00:00:00.000000','2014-09-05 00:00:00.000000',14.0,'NotStarterd')
COMMIT
INSERT INTO MPSR_SCHE_PERF VALUES(297,6,0,'        C.66606.1.1.2.2  Licensing & Permiting',130.0,80.00,'2013-10-15 00:00:00.000000','2014-04-18 00:00:00.000000','2014-06-16 00:00:00.000000','2014-10-03 00:00:00.000000',226.0,'NotStarterd')
COMMIT
INSERT INTO MPSR_SCHE_PERF VALUES(298,6,0,'        C.66606.1.1.2.3  Equipment & Material Procurement - Long Lead Items',150.0,75.00,'2013-10-01 00:00:00.000000','2014-01-17 00:00:00.000000','2014-06-02 00:00:00.000000','2014-09-12 00:00:00.000000',239.0,'NotStarterd')
COMMIT
INSERT INTO MPSR_SCHE_PERF VALUES(299,6,0,'        C.66606.1.1.2.4  Construction',200.0,88.00,'2014-01-13 00:00:00.000000','2014-10-17 00:00:00.000000','2013-04-15 00:00:00.000000','2015-01-07 00:00:00.000000',186.0,'InProgress')
COMMIT
INSERT INTO MPSR_SCHE_PERF VALUES(300,6,0,'      C.66606.1.1.3  Green Brook - S. 2nd Street-Seg1',290.0,180.00,'2014-05-19 00:00:00.000000','2015-06-26 00:00:00.000000','2013-04-15 00:00:00.000000','2015-01-09 00:00:00.000000',359.0,'InProgress')
COMMIT
INSERT INTO MPSR_SCHE_PERF VALUES(301,6,0,'        C.66606.1.1.3.1  Design & Engineering',180.0,90.00,'2014-05-19 00:00:00.000000','2015-01-23 00:00:00.000000','2013-04-15 00:00:00.000000','2014-09-05 00:00:00.000000',14.0,'InProgress')
COMMIT
INSERT INTO MPSR_SCHE_PERF VALUES(26,1,0,'      C.11101.1.C.3  OP Schedule -  R-2270  Line Termination Relocation',352.9,0.00,'2011-08-22 00:00:00.000000','2013-02-12 00:00:00.000000','2011-10-03 00:00:00.000000','2013-09-05 00:00:00.000000',NULL,'Completed')
COMMIT
INSERT INTO MPSR_SCHE_PERF VALUES(27,1,0,'        C.11101.1.C.3.1  Design & Engineering',16.9,0.00,'2011-10-03 00:00:00.000000','2011-10-25 00:00:00.000000','2011-10-03 00:00:00.000000','2011-10-25 00:00:00.000000',NULL,'Completed')
COMMIT
INSERT INTO MPSR_SCHE_PERF VALUES(28,1,0,'        C.11101.1.C.3.4  Construction',57.0,0.00,'2011-08-22 00:00:00.000000','2013-02-12 00:00:00.000000','2012-12-03 00:00:00.000000','2013-09-05 00:00:00.000000',NULL,'Completed')
COMMIT
INSERT INTO MPSR_SCHE_PERF VALUES(29,1,0,'      C.11101.1.C.5  OP Schedule -  K-2289  Line Termination Relocation',538.0,0.00,'2011-08-11 00:00:00.000000','2013-02-28 00:00:00.000000','2011-08-11 00:00:00.000000','2013-09-03 00:00:00.000000',NULL,'Completed')
COMMIT
INSERT INTO MPSR_SCHE_PERF VALUES(30,1,0,'        C.11101.1.C.5.1  Design & Engineering',522.9,0.00,'2011-08-11 00:00:00.000000','2013-02-08 00:00:00.000000','2011-08-11 00:00:00.000000','2013-09-03 00:00:00.000000',NULL,'Completed')
COMMIT
INSERT INTO MPSR_SCHE_PERF VALUES(31,1,0,'        C.11101.1.C.5.3  Equipment & Material Procurement  - Long Lead Time Items',223.0,0.00,NULL,NULL,'2012-04-13 00:00:00.000000','2013-02-28 00:00:00.000000',NULL,'Completed')
COMMIT
INSERT INTO MPSR_SCHE_PERF VALUES(32,1,0,'        C.11101.1.C.5.4  Construction',114.9,0.00,'2013-01-14 00:00:00.000000','2013-02-28 00:00:00.000000','2012-06-25 00:00:00.000000','2013-02-25 00:00:00.000000',NULL,'Completed')
COMMIT
INSERT INTO MPSR_SCHE_PERF VALUES(33,1,0,'      C.11101.1.C.8  Environmental - Resource Recovery',71.9,0.00,NULL,NULL,'2012-11-19 00:00:00.000000','2013-02-25 00:00:00.000000',NULL,'Completed')
COMMIT
INSERT INTO MPSR_SCHE_PERF VALUES(34,1,0,'    C.11101.1.D  Project Closure',124.8,124.80,'2013-03-06 00:00:00.000000','2014-02-25 00:00:00.000000','2012-12-15 00:00:00.000000','2014-03-24 00:00:00.000000',0.0,'InProgress')
COMMIT
INSERT INTO MPSR_SCHE_PERF VALUES(35,1,0,'      C.11101.1.D.1  Customer Acceptance',20.0,20.00,'2013-03-06 00:00:00.000000','2013-04-02 00:00:00.000000','2013-10-01 00:00:00.000000','2013-10-28 00:00:00.000000',67.4,'NotStarterd')
COMMIT
INSERT INTO MPSR_SCHE_PERF VALUES(36,1,0,'      C.11101.1.D.2  As-built Drawings',42.4,36.10,'2013-03-06 00:00:00.000000','2013-11-04 00:00:00.000000','2012-12-15 00:00:00.000000','2013-12-17 00:00:00.000000',0.0,'InProgress')
COMMIT
INSERT INTO MPSR_SCHE_PERF VALUES(37,1,0,'        C.11101.1.D.2.1  Civil',25.0,25.00,'2013-10-01 00:00:00.000000','2013-11-04 00:00:00.000000','2013-10-28 00:00:00.000000','2013-12-02 00:00:00.000000',11.1,'NotStarterd')
COMMIT
INSERT INTO MPSR_SCHE_PERF VALUES(67,2,0,'    C.33303.1.C  Outside Plant ED TC&M Schedule (by Segment)',373.9,1.00,'2012-03-15 00:00:00.000000','2012-09-14 00:00:00.000000','2012-03-15 00:00:00.000000','2013-10-01 00:00:00.000000',124.0,'InProgress')
COMMIT
INSERT INTO MPSR_SCHE_PERF VALUES(68,2,0,'      C.33303.1.C.1  OP K-2211 Tie-In',373.9,1.00,'2012-03-15 00:00:00.000000','2012-09-14 00:00:00.000000','2012-03-15 00:00:00.000000','2013-10-01 00:00:00.000000',124.0,'InProgress')
COMMIT
INSERT INTO MPSR_SCHE_PERF VALUES(69,2,0,'        C.33303.1.C.1.1  Design & Engineering',373.9,1.00,'2012-03-15 00:00:00.000000','2012-09-14 00:00:00.000000','2012-03-15 00:00:00.000000','2013-10-01 00:00:00.000000',124.0,'InProgress')
COMMIT
INSERT INTO MPSR_SCHE_PERF VALUES(70,2,0,'    C.33303.1.D  Project Closure',124.0,124.00,'2012-10-26 00:00:00.000000','2013-09-05 00:00:00.000000','2013-10-02 00:00:00.000000','2014-03-28 00:00:00.000000',0.0,'NotStarterd')
COMMIT
INSERT INTO MPSR_SCHE_PERF VALUES(71,2,0,'      C.33303.1.D.4  Contract Closure',64.0,64.00,'2012-10-26 00:00:00.000000','2013-04-22 00:00:00.000000','2013-10-02 00:00:00.000000','2014-01-03 00:00:00.000000',0.0,'NotStarterd')
COMMIT
INSERT INTO MPSR_SCHE_PERF VALUES(72,2,0,'      C.33303.1.D.5  Administrative Closure',60.0,60.00,'2013-04-23 00:00:00.000000','2013-09-05 00:00:00.000000','2014-01-06 00:00:00.000000','2014-03-28 00:00:00.000000',0.0,'NotStarterd')
COMMIT
INSERT INTO MPSR_SCHE_PERF VALUES(73,2,0,'  C.33303.R  Risk & Contingency',196.0,125.00,'2013-01-04 00:00:00.000000','2013-09-05 00:00:00.000000','2013-01-03 00:00:00.000000','2014-03-28 00:00:00.000000',0.0,'InProgress')
COMMIT
INSERT INTO MPSR_SCHE_PERF VALUES(100,3,0,'        C.44404.1.C.1.4  Construction',465.9,0.00,'2011-07-01 00:00:00.000000','2012-12-31 00:00:00.000000','2011-07-01 00:00:00.000000','2013-09-27 00:00:00.000000',NULL,'Completed')
COMMIT
INSERT INTO MPSR_SCHE_PERF VALUES(101,3,0,'    C.44404.1.D  Project Closure',245.0,0.00,'2012-09-13 00:00:00.000000','2013-08-02 00:00:00.000000','2012-12-21 00:00:00.000000','2013-09-30 00:00:00.000000',NULL,'Completed')
COMMIT
INSERT INTO MPSR_SCHE_PERF VALUES(102,3,0,'      C.44404.1.D.5  Administrative Closure',0.0,0.00,'2013-08-02 00:00:00.000000','2013-08-02 00:00:00.000000','2013-09-30 00:00:00.000000','2013-09-30 00:00:00.000000',NULL,'Completed')
COMMIT
INSERT INTO MPSR_SCHE_PERF VALUES(103,3,0,'  C.44404.W  Withdrawal',636.9,0.00,'2011-07-01 00:00:00.000000','2013-02-13 00:00:00.000000','2011-07-01 00:00:00.000000','2013-09-27 00:00:00.000000',NULL,'Completed')
COMMIT
INSERT INTO MPSR_SCHE_PERF VALUES(104,3,0,'    C.44404.W.1  Withdrawal Station Equipment - Bayonne',307.9,0.00,'2011-11-11 00:00:00.000000','2013-02-13 00:00:00.000000','2011-11-11 00:00:00.000000','2013-07-19 00:00:00.000000',NULL,'Completed')
COMMIT
INSERT INTO MPSR_SCHE_PERF VALUES(105,3,0,'    C.44404.W.2  Withdrawal Station Equipment - Jersey City',248.9,0.00,'2012-05-14 00:00:00.000000','2013-02-13 00:00:00.000000','2012-05-14 00:00:00.000000','2013-07-19 00:00:00.000000',NULL,'Completed')
COMMIT
INSERT INTO MPSR_SCHE_PERF VALUES(106,3,0,'    C.44404.W.4  Withdrawal Segment Equipment (TC&M) - Bayonne-Jersey City',656.9,0.00,'2011-07-01 00:00:00.000000','2013-02-13 00:00:00.000000','2011-07-01 00:00:00.000000','2013-09-27 00:00:00.000000',NULL,'Completed')
COMMIT
INSERT INTO MPSR_SCHE_PERF VALUES(107,3,0,'  C.44404.S  Salvage',428.0,0.00,'2011-07-01 00:00:00.000000','2013-02-13 00:00:00.000000','2011-07-01 00:00:00.000000','2013-09-03 00:00:00.000000',NULL,'Completed')
COMMIT
INSERT INTO MPSR_SCHE_PERF VALUES(108,3,0,'  C.44404.R  Risk & Contingency',415.0,0.00,'2011-07-01 00:00:00.000000','2013-02-13 00:00:00.000000','2011-07-01 00:00:00.000000','2013-09-03 00:00:00.000000',NULL,'Completed')
COMMIT
INSERT INTO MPSR_SCHE_PERF VALUES(109,5,0,'C.55505  Strategic b1304 Northeast Grid 230 kV Conversion Project',1493.9,560.00,'2010-03-10 00:00:00.000000','2015-11-27 00:00:00.000000','2010-03-10 00:00:00.000000','2015-11-27 00:00:00.000000',0.0,'InProgress')
COMMIT
INSERT INTO MPSR_SCHE_PERF VALUES(110,5,0,'  C.55505.1  Install',1493.9,560.00,'2010-03-10 00:00:00.000000','2015-11-27 00:00:00.000000','2010-03-10 00:00:00.000000','2015-11-27 00:00:00.000000',0.0,'InProgress')
COMMIT
INSERT INTO MPSR_SCHE_PERF VALUES(133,5,0,'        C.55505.1.B.3.3  Equipment & Material Procurement - Long Lead Items Cook Road Station',517.9,126.00,'2012-04-15 00:00:00.000000','2013-10-07 00:00:00.000000','2012-04-15 00:00:00.000000','2014-03-31 00:00:00.000000',434.0,'InProgress')
COMMIT
INSERT INTO MPSR_SCHE_PERF VALUES(177,5,0,'        C.55505.1.B.C.2  Licensing & Permiting Bergen Station',419.9,63.00,'2011-05-16 00:00:00.000000','2013-05-31 00:00:00.000000','2011-05-16 00:00:00.000000','2013-12-31 00:00:00.000000',317.0,'InProgress')
COMMIT
INSERT INTO MPSR_SCHE_PERF VALUES(178,5,0,'        C.55505.1.B.C.3  Equipment & Material Procurement - Long Lead Items Bergen Station',236.0,0.00,'2012-03-16 00:00:00.000000','2013-05-01 00:00:00.000000','2012-03-16 00:00:00.000000','2013-04-02 00:00:00.000000',NULL,'Completed')
COMMIT
INSERT INTO MPSR_SCHE_PERF VALUES(179,5,0,'        C.55505.1.B.C.4  Construction Bergen Station',585.9,263.00,'2012-01-03 00:00:00.000000','2013-06-24 00:00:00.000000','2012-01-03 00:00:00.000000','2014-10-08 00:00:00.000000',117.0,'InProgress')
COMMIT
INSERT INTO MPSR_SCHE_PERF VALUES(180,5,0,'    C.55505.1.C  Outside Plant ED TC&M Schedule (by Segment)',938.9,423.00,'2011-05-15 00:00:00.000000','2015-05-20 00:00:00.000000','2011-05-15 00:00:00.000000','2015-05-20 00:00:00.000000',97.0,'InProgress')
COMMIT
INSERT INTO MPSR_SCHE_PERF VALUES(181,5,0,'      C.55505.1.C.0  Segments (7#)',860.9,410.00,'2011-12-16 00:00:00.000000','2015-05-01 00:00:00.000000','2011-12-16 00:00:00.000000','2015-05-01 00:00:00.000000',20.0,'InProgress')
COMMIT
INSERT INTO MPSR_SCHE_PERF VALUES(182,5,0,'      C.55505.1.C.1  OP Schedule - OH Segment D-1304 (Roseland to Kearny)',747.9,395.00,'2011-05-15 00:00:00.000000','2015-05-20 00:00:00.000000','2011-05-15 00:00:00.000000','2015-04-10 00:00:00.000000',35.0,'InProgress')
COMMIT
INSERT INTO MPSR_SCHE_PERF VALUES(183,5,0,'        C.55505.1.C.1.1  Design & Engineering',444.9,37.00,'2011-12-16 00:00:00.000000','2013-09-17 00:00:00.000000','2011-12-16 00:00:00.000000','2013-11-20 00:00:00.000000',35.0,'InProgress')
COMMIT
INSERT INTO MPSR_SCHE_PERF VALUES(184,5,0,'        C.55505.1.C.1.2  Licensing & Permitting',463.9,61.00,'2011-05-15 00:00:00.000000','2013-12-27 00:00:00.000000','2011-05-15 00:00:00.000000','2013-12-27 00:00:00.000000',69.0,'InProgress')
COMMIT
INSERT INTO MPSR_SCHE_PERF VALUES(302,6,0,'        C.66606.1.1.3.2  Licensing & Permiting',130.0,80.00,'2014-06-30 00:00:00.000000','2014-12-26 00:00:00.000000','2014-06-16 00:00:00.000000','2014-10-03 00:00:00.000000',399.0,'NotStarterd')
COMMIT
INSERT INTO MPSR_SCHE_PERF VALUES(303,6,0,'        C.66606.1.1.3.3  Equipment & Material Procurement - Long Lead Items',150.0,75.00,'2014-06-16 00:00:00.000000','2014-09-26 00:00:00.000000','2014-06-02 00:00:00.000000','2014-09-12 00:00:00.000000',414.0,'NotStarterd')
COMMIT
INSERT INTO MPSR_SCHE_PERF VALUES(304,6,0,'        C.66606.1.1.3.4  Construction',200.0,90.00,'2014-09-22 00:00:00.000000','2015-06-26 00:00:00.000000','2014-09-08 00:00:00.000000','2015-01-09 00:00:00.000000',359.0,'NotStarterd')
COMMIT
INSERT INTO MPSR_SCHE_PERF VALUES(305,6,0,'      C.66606.1.1.4  Green Brook - S. 2nd Street-Seg2',290.0,173.00,'2013-09-03 00:00:00.000000','2014-10-17 00:00:00.000000','2013-07-15 00:00:00.000000','2014-12-31 00:00:00.000000',366.0,'InProgress')
COMMIT
INSERT INTO MPSR_SCHE_PERF VALUES(320,6,0,'      C.66606.1.1.8  OP Seg 7 - Plainfield - Front Street',290.0,173.00,NULL,NULL,'2014-05-05 00:00:00.000000','2014-12-31 00:00:00.000000',191.0,'NotStarterd')
COMMIT
INSERT INTO MPSR_SCHE_PERF VALUES(321,6,0,'        C.66606.1.1.8.1  Design & Engineering',180.0,150.00,NULL,NULL,'2014-05-05 00:00:00.000000','2014-11-28 00:00:00.000000',191.0,'NotStarterd')
COMMIT
INSERT INTO MPSR_SCHE_PERF VALUES(330,6,0,'      C.66606.1.1.C  Segment O Fiber Optic',316.0,230.00,NULL,NULL,'2013-06-15 00:00:00.000000','2015-03-20 00:00:00.000000',134.0,'InProgress')
COMMIT
INSERT INTO MPSR_SCHE_PERF VALUES(331,6,0,'        C.66606.1.1.C.1  Design & Engineering',60.0,60.00,NULL,NULL,'2014-05-05 00:00:00.000000','2014-07-25 00:00:00.000000',14.0,'NotStarterd')
COMMIT
INSERT INTO MPSR_SCHE_PERF VALUES(332,6,0,'        C.66606.1.1.C.2  Licensing & Permiting',130.0,80.00,NULL,NULL,'2014-07-28 00:00:00.000000','2014-11-14 00:00:00.000000',134.0,'NotStarterd')
COMMIT
INSERT INTO MPSR_SCHE_PERF VALUES(333,6,0,'        C.66606.1.1.C.3  Equipment & Material Procurement - Long Lead Items',256.0,80.00,NULL,NULL,'2014-07-28 00:00:00.000000','2014-11-14 00:00:00.000000',194.0,'NotStarterd')
COMMIT
INSERT INTO MPSR_SCHE_PERF VALUES(334,6,0,'        C.66606.1.1.C.4  Construction',90.0,90.00,NULL,NULL,'2013-06-15 00:00:00.000000','2015-03-20 00:00:00.000000',134.0,'InProgress')
COMMIT
INSERT INTO MPSR_SCHE_PERF VALUES(363,6,0,'  C.66606.S  Salvage',1.0,404.00,'2014-09-22 00:00:00.000000','2015-12-25 00:00:00.000000','2014-09-08 00:00:00.000000','2016-03-24 00:00:00.000000',0.0,'NotStarterd')
COMMIT
INSERT INTO MPSR_SCHE_PERF VALUES(364,6,0,'  C.66606.R  Risk & Contingency',0.9,644.00,'2011-12-15 00:00:00.000000','2015-12-25 00:00:00.000000','2011-12-15 00:00:00.000000','2016-03-24 00:00:00.000000',0.0,'InProgress')
COMMIT
INSERT INTO MPSR_SCHE_PERF VALUES(365,10,0,'C.22202  b0489-Jefferson 500kV Sw. Sta/Susquehanna-Roseland circ',2113.9,567.00,'2008-01-10 00:00:00.000000','2015-06-18 00:00:00.000000','2008-01-10 00:00:00.000000','2015-12-08 00:00:00.000000',0.0,'InProgress')
COMMIT
INSERT INTO MPSR_SCHE_PERF VALUES(366,10,0,'  C.22202.1  Install',2113.9,567.00,'2008-01-10 00:00:00.000000','2015-06-18 00:00:00.000000','2008-01-10 00:00:00.000000','2015-12-08 00:00:00.000000',0.0,'InProgress')
COMMIT
INSERT INTO MPSR_SCHE_PERF VALUES(367,10,0,'    C.22202.1.1  In-Service Dates',1166.0,522.00,'2011-05-22 00:00:00.000000','2015-06-18 00:00:00.000000','2011-05-22 00:00:00.000000','2015-12-08 00:00:00.000000',0.0,'InProgress')
COMMIT
INSERT INTO MPSR_SCHE_PERF VALUES(368,10,0,'      C.22202.1.1.1  Stations',768.0,29.00,'2011-05-22 00:00:00.000000','2011-05-22 00:00:00.000000','2011-05-22 00:00:00.000000','2014-05-30 00:00:00.000000',7.0,'InProgress')
COMMIT
INSERT INTO MPSR_SCHE_PERF VALUES(369,10,0,'      C.22202.1.1.2  Segments',963.0,337.00,'2011-06-17 00:00:00.000000','2011-06-17 00:00:00.000000','2011-06-17 00:00:00.000000','2015-03-24 00:00:00.000000',0.1,'InProgress')
COMMIT
INSERT INTO MPSR_SCHE_PERF VALUES(370,10,0,'    C.22202.1.A  Project Administration',1306.0,168.00,'2008-01-10 00:00:00.000000','2013-07-29 00:00:00.000000','2008-01-10 00:00:00.000000','2014-05-28 00:00:00.000000',399.0,'InProgress')
COMMIT
INSERT INTO MPSR_SCHE_PERF VALUES(371,10,0,'      C.22202.1.A.1  Planning',1141.1,0.00,'2008-08-29 00:00:00.000000','2012-10-15 00:00:00.000000','2008-08-29 00:00:00.000000','2013-02-08 00:00:00.000000',NULL,'Completed')
COMMIT
INSERT INTO MPSR_SCHE_PERF VALUES(372,10,0,'      C.22202.1.A.2  Project Management',1095.9,0.00,'2008-01-10 00:00:00.000000','2012-04-11 00:00:00.000000','2008-01-10 00:00:00.000000','2012-04-11 00:00:00.000000',NULL,'Completed')
COMMIT
INSERT INTO MPSR_SCHE_PERF VALUES(373,10,0,'        C.22202.1.A.2.1  90% Estimate',0.0,0.00,'2012-04-11 00:00:00.000000','2012-04-11 00:00:00.000000','2012-04-11 00:00:00.000000','2012-04-11 00:00:00.000000',NULL,'Completed')
COMMIT
INSERT INTO MPSR_SCHE_PERF VALUES(374,10,0,'        C.22202.1.A.2.2  Public Outreach',389.9,0.00,'2008-01-10 00:00:00.000000','2009-07-21 00:00:00.000000','2008-01-10 00:00:00.000000','2009-07-21 00:00:00.000000',NULL,'Completed')
COMMIT
INSERT INTO MPSR_SCHE_PERF VALUES(433,10,0,'  C.22202.R  Risk & Contingency',581.9,276.00,'2011-02-01 00:00:00.000000','2013-12-31 00:00:00.000000','2011-02-01 00:00:00.000000','2014-10-27 00:00:00.000000',291.0,'InProgress')
COMMIT
INSERT INTO MPSR_STATUS_SUM VALUES(10,0,NULL,NULL,NULL,NULL,NULL,NULL,NULL,NULL,NULL,NULL,NULL,NULL)
COMMIT
INSERT INTO MPSR_STATUS_SUM VALUES(1,0,'Yellow',NULL,NULL,NULL,'Green',NULL,NULL,NULL,'Yellow',NULL,NULL,NULL)
COMMIT
INSERT INTO MPSR_STATUS_SUM VALUES(2,0,NULL,NULL,NULL,NULL,NULL,NULL,NULL,NULL,NULL,NULL,NULL,NULL)
COMMIT
INSERT INTO MPSR_STATUS_SUM VALUES(3,0,NULL,NULL,NULL,NULL,NULL,NULL,NULL,NULL,NULL,NULL,NULL,NULL)
COMMIT
INSERT INTO MPSR_STATUS_SUM VALUES(5,0,NULL,NULL,NULL,NULL,NULL,NULL,NULL,NULL,NULL,NULL,NULL,NULL)
COMMIT
INSERT INTO MPSR_STATUS_SUM VALUES(6,0,NULL,NULL,NULL,NULL,NULL,NULL,NULL,NULL,NULL,NULL,NULL,NULL)
COMMIT
CREATE TRIGGER mspr_id_trig AFTER INSERT ON MPSR    REFERENCING NEW ROW AS newrow   FOR EACH ROW WHEN (newrow.mpsr_id > 1)   BEGIN ATOMIC   \u0009INSERT INTO MPSR_EXE_SUM(mpsr_id, version) VALUES (newrow.mpsr_id, 0);\u0009INSERT INTO MPSR_AUTH(mpsr_id, version) VALUES (newrow.mpsr_id, 0);\u0009INSERT INTO MPSR_SAFE(mpsr_id, version) VALUES (newrow.mpsr_id, 0);\u0009INSERT INTO MPSR_BUDGET(mpsr_id, version) VALUES (newrow.mpsr_id, 0);\u0009INSERT INTO MPSR_STATUS_SUM(mpsr_id, version) VALUES (newrow.mpsr_id, 0);\u0009INSERT INTO MPSR_FUNC_PERF(mpsr_id, version) VALUES (newrow.mpsr_id, 0);\u0009INSERT INTO MPSR_SCHEDULE(mpsr_id, version) VALUES (newrow.mpsr_id, 0);\u0009INSERT INTO MPSR_LPE(mpsr_id, version) VALUES (newrow.mpsr_id, 0);\u0009INSERT INTO MPSR_PROCURE(mpsr_id, version) VALUES (newrow.mpsr_id, 0);\u0009INSERT INTO MPSR_COST_PERF(mpsr_id, version) VALUES (newrow.mpsr_id, 0);   END
DISCONNECT
